# JRE version: OpenJDK Runtime Environment (17.0.6) (build 17.0.6+0-b2043.56-9586694)
# Java VM: OpenJDK 64-Bit Server VM (17.0.6+0-b2043.56-9586694, mixed mode, tiered, compressed oops, compressed class ptrs, g1 gc, windows-amd64)
GC Precious Log:
 CPUs: 16 total, 16 available
 Memory: 15724M
 Large Page Support: Disabled
 NUMA Support: Disabled
 Compressed Oops: Enabled (32-bit)
 Heap Region Size: 1M
 Heap Min Capacity: 8M
 Heap Initial Capacity: 246M
 Heap Max Capacity: 2G
 Pre-touch: Disabled
 Parallel Workers: 13
 Concurrent Workers: 3
 Concurrent Refinement Workers: 13
 Periodic GC: Disabled
Heap:
 garbage-first heap   total 279552K, used 181091K [0x0000000080000000, 0x0000000100000000)
  region size 1024K, 69 young (70656K), 2 survivors (2048K)
 Metaspace       used 108943K, committed 109632K, reserved 1146880K
  class space    used 14472K, committed 14784K, reserved 1048576K
GC Heap History (20 events):
Event: 17.572 GC heap before
{Heap before GC invocations=38 (full 0):
 garbage-first heap   total 186368K, used 148520K [0x0000000080000000, 0x0000000100000000)
  region size 1024K, 67 young (68608K), 9 survivors (9216K)
 Metaspace       used 95053K, committed 95680K, reserved 1138688K
  class space    used 12853K, committed 13120K, reserved 1048576K
}
Event: 17.579 GC heap after
{Heap after GC invocations=39 (full 0):
 garbage-first heap   total 186368K, used 100259K [0x0000000080000000, 0x0000000100000000)
  region size 1024K, 9 young (9216K), 9 survivors (9216K)
 Metaspace       used 95053K, committed 95680K, reserved 1138688K
  class space    used 12853K, committed 13120K, reserved 1048576K
}
Event: 18.033 GC heap before
{Heap before GC invocations=39 (full 0):
 garbage-first heap   total 186368K, used 147363K [0x0000000080000000, 0x0000000100000000)
  region size 1024K, 56 young (57344K), 9 survivors (9216K)
 Metaspace       used 96090K, committed 96704K, reserved 1138688K
  class space    used 12978K, committed 13248K, reserved 1048576K
}
Event: 18.037 GC heap after
{Heap after GC invocations=40 (full 0):
 garbage-first heap   total 186368K, used 100546K [0x0000000080000000, 0x0000000100000000)
  region size 1024K, 4 young (4096K), 4 survivors (4096K)
 Metaspace       used 96090K, committed 96704K, reserved 1138688K
  class space    used 12978K, committed 13248K, reserved 1048576K
}
Event: 1341.980 GC heap before
{Heap before GC invocations=40 (full 0):
 garbage-first heap   total 186368K, used 149698K [0x0000000080000000, 0x0000000100000000)
  region size 1024K, 52 young (53248K), 4 survivors (4096K)
 Metaspace       used 97165K, committed 97792K, reserved 1138688K
  class space    used 13081K, committed 13376K, reserved 1048576K
}
Event: 1341.982 GC heap after
{Heap after GC invocations=41 (full 0):
 garbage-first heap   total 186368K, used 101010K [0x0000000080000000, 0x0000000100000000)
  region size 1024K, 5 young (5120K), 5 survivors (5120K)
 Metaspace       used 97165K, committed 97792K, reserved 1138688K
  class space    used 13081K, committed 13376K, reserved 1048576K
}
Event: 2127.718 GC heap before
{Heap before GC invocations=41 (full 0):
 garbage-first heap   total 186368K, used 150162K [0x0000000080000000, 0x0000000100000000)
  region size 1024K, 54 young (55296K), 5 survivors (5120K)
 Metaspace       used 97809K, committed 98496K, reserved 1138688K
  class space    used 13134K, committed 13440K, reserved 1048576K
}
Event: 2127.722 GC heap after
{Heap after GC invocations=42 (full 0):
 garbage-first heap   total 186368K, used 106253K [0x0000000080000000, 0x0000000100000000)
  region size 1024K, 7 young (7168K), 7 survivors (7168K)
 Metaspace       used 97809K, committed 98496K, reserved 1138688K
  class space    used 13134K, committed 13440K, reserved 1048576K
}
Event: 2128.242 GC heap before
{Heap before GC invocations=42 (full 0):
 garbage-first heap   total 186368K, used 152333K [0x0000000080000000, 0x0000000100000000)
  region size 1024K, 51 young (52224K), 7 survivors (7168K)
 Metaspace       used 99601K, committed 100352K, reserved 1138688K
  class space    used 13344K, committed 13696K, reserved 1048576K
}
Event: 2128.247 GC heap after
{Heap after GC invocations=43 (full 0):
 garbage-first heap   total 186368K, used 115451K [0x0000000080000000, 0x0000000100000000)
  region size 1024K, 7 young (7168K), 7 survivors (7168K)
 Metaspace       used 99601K, committed 100352K, reserved 1138688K
  class space    used 13344K, committed 13696K, reserved 1048576K
}
Event: 2128.694 GC heap before
{Heap before GC invocations=43 (full 0):
 garbage-first heap   total 186368K, used 161531K [0x0000000080000000, 0x0000000100000000)
  region size 1024K, 41 young (41984K), 7 survivors (7168K)
 Metaspace       used 101140K, committed 101888K, reserved 1138688K
  class space    used 13519K, committed 13888K, reserved 1048576K
}
Event: 2128.702 GC heap after
{Heap after GC invocations=44 (full 0):
 garbage-first heap   total 186368K, used 132509K [0x0000000080000000, 0x0000000100000000)
  region size 1024K, 6 young (6144K), 6 survivors (6144K)
 Metaspace       used 101140K, committed 101888K, reserved 1138688K
  class space    used 13519K, committed 13888K, reserved 1048576K
}
Event: 2128.947 GC heap before
{Heap before GC invocations=44 (full 0):
 garbage-first heap   total 186368K, used 152989K [0x0000000080000000, 0x0000000100000000)
  region size 1024K, 24 young (24576K), 6 survivors (6144K)
 Metaspace       used 103249K, committed 104000K, reserved 1138688K
  class space    used 13735K, committed 14080K, reserved 1048576K
}
Event: 2128.953 GC heap after
{Heap after GC invocations=45 (full 0):
 garbage-first heap   total 186368K, used 132509K [0x0000000080000000, 0x0000000100000000)
  region size 1024K, 2 young (2048K), 2 survivors (2048K)
 Metaspace       used 103249K, committed 104000K, reserved 1138688K
  class space    used 13735K, committed 14080K, reserved 1048576K
}
Event: 2129.281 GC heap before
{Heap before GC invocations=46 (full 0):
 garbage-first heap   total 232448K, used 150941K [0x0000000080000000, 0x0000000100000000)
  region size 1024K, 22 young (22528K), 2 survivors (2048K)
 Metaspace       used 103600K, committed 104448K, reserved 1146880K
  class space    used 13775K, committed 14144K, reserved 1048576K
}
Event: 2129.285 GC heap after
{Heap after GC invocations=47 (full 0):
 garbage-first heap   total 232448K, used 131927K [0x0000000080000000, 0x0000000100000000)
  region size 1024K, 3 young (3072K), 3 survivors (3072K)
 Metaspace       used 103600K, committed 104448K, reserved 1146880K
  class space    used 13775K, committed 14144K, reserved 1048576K
}
Event: 2129.439 GC heap before
{Heap before GC invocations=47 (full 0):
 garbage-first heap   total 232448K, used 140119K [0x0000000080000000, 0x0000000100000000)
  region size 1024K, 11 young (11264K), 3 survivors (3072K)
 Metaspace       used 103788K, committed 104512K, reserved 1146880K
  class space    used 13795K, committed 14144K, reserved 1048576K
}
Event: 2129.447 GC heap after
{Heap after GC invocations=48 (full 0):
 garbage-first heap   total 232448K, used 115544K [0x0000000080000000, 0x0000000100000000)
  region size 1024K, 1 young (1024K), 1 survivors (1024K)
 Metaspace       used 103788K, committed 104512K, reserved 1146880K
  class space    used 13795K, committed 14144K, reserved 1048576K
}
Event: 2129.670 GC heap before
{Heap before GC invocations=48 (full 0):
 garbage-first heap   total 232448K, used 124760K [0x0000000080000000, 0x0000000100000000)
  region size 1024K, 11 young (11264K), 1 survivors (1024K)
 Metaspace       used 104212K, committed 104960K, reserved 1146880K
  class space    used 13855K, committed 14208K, reserved 1048576K
}
Event: 2129.679 GC heap after
{Heap after GC invocations=49 (full 0):
 garbage-first heap   total 279552K, used 114531K [0x0000000080000000, 0x0000000100000000)
  region size 1024K, 2 young (2048K), 2 survivors (2048K)
 Metaspace       used 104212K, committed 104960K, reserved 1146880K
  class space    used 13855K, committed 14208K, reserved 1048576K
}

